SF:lib\features\google_signIn_signUp\presentation\bloc\auth_bloc.dart
DA:9,0
DA:10,0
DA:11,0
DA:12,0
DA:13,0
DA:16,0
DA:17,0
DA:19,0
DA:24,0
DA:26,0
DA:28,0
DA:29,0
DA:31,0
DA:35,0
DA:36,0
DA:38,0
DA:39,0
DA:41,0
LF:18
LH:0
end_of_record
SF:lib\features\google_signIn_signUp\presentation\bloc\auth_state.dart
DA:5,1
DA:7,0
DA:8,0
DA:18,0
DA:20,0
DA:21,0
DA:27,1
DA:29,0
DA:30,0
DA:38,0
DA:44,0
LF:11
LH:2
end_of_record
SF:lib\features\google_signIn_signUp\presentation\screens\google_signin_screen.dart
DA:21,1
DA:23,0
DA:25,0
DA:26,0
DA:29,0
DA:30,0
DA:31,0
DA:33,0
DA:34,0
DA:35,0
DA:36,0
DA:37,0
DA:38,0
DA:40,0
DA:41,0
DA:42,0
DA:45,0
DA:46,0
DA:47,0
DA:51,0
DA:52,0
DA:53,0
DA:55,0
DA:56,0
DA:65,0
DA:66,0
DA:67,0
DA:72,0
DA:73,0
DA:80,0
DA:81,0
DA:89,0
DA:91,0
DA:92,0
DA:93,0
DA:96,0
DA:98,0
DA:100,0
DA:101,0
DA:107,0
LF:40
LH:1
end_of_record
SF:lib\core\utils\device_info_helper.dart
DA:5,0
DA:6,0
DA:8,0
DA:9,0
DA:10,0
DA:11,0
DA:12,0
DA:13,0
DA:14,0
DA:15,0
DA:16,0
DA:17,0
DA:20,0
DA:21,0
DA:22,0
DA:23,0
DA:24,0
DA:26,0
DA:27,0
DA:29,0
DA:34,0
LF:21
LH:0
end_of_record
SF:lib\core\utils\shared_preference.dart
DA:5,0
DA:8,0
DA:9,0
DA:10,0
DA:14,0
DA:15,0
DA:19,0
DA:20,0
DA:21,0
LF:9
LH:0
end_of_record
SF:lib\features\Dashboard\data\datasources\dasboard_data_source.dart
DA:25,0
DA:29,0
DA:31,0
DA:34,0
DA:36,0
DA:46,0
DA:47,0
DA:48,0
DA:50,0
DA:53,0
DA:56,0
DA:57,0
DA:58,0
DA:59,0
DA:61,0
DA:65,0
DA:69,0
DA:70,0
DA:71,0
DA:72,0
DA:74,0
DA:77,0
DA:80,0
DA:81,0
DA:82,0
DA:83,0
DA:85,0
DA:86,0
LF:28
LH:0
end_of_record
SF:lib\features\Dashboard\data\models\dasboard_hotel_list_model.dart
DA:4,0
DA:18,0
DA:19,0
DA:20,0
DA:21,0
DA:22,0
DA:23,0
DA:24,0
DA:25,0
DA:26,0
DA:27,0
DA:28,0
DA:29,0
DA:30,0
DA:31,0
DA:37,0
DA:44,0
DA:45,0
DA:46,0
DA:47,0
DA:48,0
DA:49,0
DA:56,0
DA:61,0
DA:63,0
DA:64,0
DA:65,0
DA:66,0
DA:73,0
DA:89,0
DA:90,0
DA:91,0
DA:92,0
DA:93,0
DA:94,0
DA:95,0
DA:96,0
DA:97,0
DA:98,0
DA:99,0
DA:100,0
DA:101,0
DA:102,0
DA:103,0
DA:109,0
DA:115,0
DA:116,0
DA:117,0
DA:118,0
DA:119,0
DA:125,0
DA:136,0
DA:137,0
DA:138,0
DA:139,0
DA:140,0
DA:141,0
DA:142,0
DA:143,0
DA:144,0
DA:145,0
LF:61
LH:0
end_of_record
SF:lib\features\Dashboard\data\models\dashboard_search_hotel_list_model.dart
DA:4,0
DA:18,0
DA:19,0
DA:20,0
DA:21,0
DA:22,0
DA:23,0
DA:24,0
DA:26,0
DA:27,0
DA:28,0
DA:30,0
DA:31,0
DA:36,0
DA:37,0
DA:44,0
DA:45,0
DA:52,0
DA:53,0
DA:55,0
DA:56,0
DA:57,0
DA:73,1
DA:79,0
DA:80,0
DA:81,0
DA:82,0
DA:83,0
DA:89,1
DA:96,0
DA:97,0
DA:98,0
DA:99,0
DA:100,0
DA:101,0
DA:108,1
DA:113,0
DA:115,0
DA:116,0
DA:117,0
DA:118,0
DA:125,0
DA:141,0
DA:142,0
DA:143,0
DA:144,0
DA:145,0
DA:146,0
DA:147,0
DA:148,0
DA:149,0
DA:150,0
DA:151,0
DA:152,0
DA:153,0
DA:154,0
DA:155,0
DA:161,1
DA:167,0
DA:168,0
DA:169,0
DA:170,0
DA:171,0
DA:177,1
DA:188,0
DA:189,0
DA:190,0
DA:191,0
DA:192,0
DA:193,0
DA:194,0
DA:195,0
DA:196,0
DA:197,0
LF:74
LH:5
end_of_record
SF:lib\features\Dashboard\data\models\dashboard_search_query_model.dart
DA:7,0
DA:12,0
DA:13,0
DA:14,0
DA:15,0
DA:16,0
DA:21,0
DA:22,0
DA:23,0
DA:26,0
DA:28,0
DA:29,0
DA:36,0
DA:38,0
DA:39,0
DA:40,0
DA:44,0
DA:45,0
DA:67,0
DA:85,0
DA:86,0
DA:87,0
DA:88,0
DA:89,0
DA:90,0
DA:91,0
DA:92,0
DA:93,0
DA:94,0
DA:96,0
DA:97,0
DA:98,0
DA:99,0
DA:100,0
DA:101,0
DA:102,0
DA:106,0
DA:107,0
DA:108,0
DA:109,0
DA:110,0
DA:111,0
DA:112,0
DA:113,0
DA:114,0
DA:115,0
DA:116,0
DA:117,0
DA:118,0
DA:119,0
DA:120,0
DA:121,0
LF:52
LH:0
end_of_record
SF:lib\features\Dashboard\domain\entities\dasboard_hotel_list_entity.dart
DA:14,0
DA:35,0
DA:47,0
DA:68,0
DA:90,0
DA:107,0
LF:6
LH:0
end_of_record
SF:lib\features\Dashboard\domain\entities\dashboard_search_hotel_list_entity.dart
DA:14,0
DA:35,1
DA:47,1
DA:68,0
DA:90,1
DA:107,1
DA:124,1
LF:7
LH:5
end_of_record
SF:lib\features\Dashboard\domain\usecases\dasboard_hotel_list_usecase.dart
DA:6,0
DA:8,0
DA:9,0
LF:3
LH:0
end_of_record
SF:lib\features\Dashboard\presentation\bloc\dasboard_hotel_list.event.dart
DA:7,0
DA:12,0
DA:14,0
DA:15,0
LF:4
LH:0
end_of_record
SF:lib\features\Dashboard\presentation\bloc\dasboard_hotel_list_bloc.dart
DA:11,0
DA:12,0
DA:13,0
DA:14,0
DA:16,0
DA:17,0
DA:19,0
DA:21,0
DA:24,0
DA:25,0
DA:28,0
DA:29,0
DA:30,0
DA:32,0
LF:14
LH:0
end_of_record
SF:lib\features\Dashboard\presentation\bloc\dasboard_hotel_list_state.dart
DA:12,0
DA:19,0
DA:24,0
DA:29,0
LF:4
LH:0
end_of_record
SF:lib\features\Dashboard\presentation\screens\dashboard_hotel_list_screen.dart
DA:19,0
DA:21,0
DA:22,0
DA:31,0
DA:33,0
DA:34,0
DA:36,0
DA:37,0
DA:40,0
DA:43,0
DA:44,0
DA:48,0
DA:50,0
DA:51,0
DA:54,0
DA:55,0
DA:57,0
DA:60,0
DA:61,0
DA:62,0
DA:65,0
DA:66,0
DA:67,0
DA:74,0
DA:75,0
DA:77,0
DA:78,0
DA:80,0
DA:81,0
DA:84,0
DA:91,0
DA:93,0
DA:94,0
DA:97,0
DA:99,0
DA:100,0
DA:101,0
DA:108,0
DA:109,0
DA:110,0
DA:111,0
DA:112,0
DA:119,0
DA:120,0
DA:121,0
DA:122,0
DA:123,0
DA:127,0
DA:128,0
DA:133,0
DA:136,0
DA:137,0
DA:138,0
DA:139,0
DA:140,0
DA:142,0
DA:144,0
DA:145,0
DA:147,0
DA:148,0
DA:150,0
DA:151,0
DA:152,0
DA:153,0
DA:157,0
DA:158,0
DA:160,0
DA:161,0
DA:162,0
DA:168,0
DA:169,0
DA:170,0
DA:173,0
DA:174,0
DA:175,0
DA:177,0
DA:178,0
DA:179,0
DA:192,0
DA:194,0
DA:195,0
DA:196,0
DA:197,0
DA:198,0
DA:200,0
DA:202,0
DA:203,0
DA:204,0
DA:205,0
DA:206,0
DA:207,0
DA:212,0
DA:213,0
DA:216,0
DA:219,0
DA:220,0
DA:221,0
DA:226,0
DA:227,0
DA:229,0
DA:233,0
DA:234,0
DA:235,0
DA:247,0
DA:248,0
DA:250,0
DA:251,0
DA:252,0
DA:254,0
DA:257,0
DA:258,0
DA:259,0
DA:260,0
DA:261,0
DA:262,0
DA:263,0
DA:264,0
DA:266,0
DA:270,0
DA:271,0
DA:272,0
DA:273,0
DA:274,0
DA:275,0
DA:283,0
DA:284,0
DA:285,0
DA:286,0
DA:288,0
DA:289,0
DA:291,0
DA:293,0
DA:294,0
DA:295,0
DA:296,0
DA:297,0
DA:298,0
DA:299,0
DA:302,0
DA:305,0
DA:307,0
DA:309,0
DA:311,0
DA:313,0
DA:318,0
DA:319,0
DA:322,0
DA:323,0
DA:325,0
DA:326,0
DA:327,0
DA:328,0
DA:329,0
DA:340,0
DA:341,0
DA:342,0
DA:343,0
DA:345,0
DA:346,0
DA:348,0
DA:350,0
DA:351,0
DA:352,0
DA:353,0
DA:354,0
DA:355,0
DA:356,0
DA:359,0
DA:362,0
DA:364,0
DA:366,0
DA:368,0
DA:370,0
DA:375,0
DA:376,0
DA:379,0
DA:380,0
DA:382,0
DA:383,0
DA:384,0
DA:385,0
DA:386,0
DA:397,0
DA:398,0
DA:399,0
DA:401,0
DA:402,0
DA:403,0
LF:188
LH:0
end_of_record
SF:lib\features\Dashboard\presentation\widgets\dashboard_search_overlay.dart
DA:9,1
DA:11,0
DA:12,0
DA:33,0
DA:34,0
DA:35,0
DA:36,0
DA:37,0
DA:38,0
DA:40,0
DA:41,0
DA:44,0
DA:45,0
DA:46,0
DA:51,0
DA:52,0
DA:54,0
DA:55,0
DA:56,0
DA:57,0
DA:59,0
DA:61,0
DA:65,0
DA:66,0
DA:68,0
DA:69,0
DA:70,0
DA:72,0
DA:73,0
DA:74,0
DA:75,0
DA:76,0
DA:77,0
DA:78,0
DA:79,0
DA:80,0
DA:81,0
DA:82,0
DA:83,0
DA:84,0
DA:85,0
DA:86,0
DA:87,0
DA:88,0
DA:89,0
DA:115,0
DA:118,0
DA:121,0
DA:122,0
DA:125,0
DA:128,0
DA:129,0
DA:131,0
DA:132,0
DA:133,0
DA:134,0
DA:137,0
DA:139,0
DA:140,0
DA:142,0
DA:143,0
DA:144,0
DA:146,0
DA:147,0
DA:148,0
DA:150,0
DA:153,0
DA:154,0
DA:156,0
DA:162,0
DA:163,0
DA:165,0
DA:173,0
DA:174,0
DA:175,0
DA:176,0
DA:177,0
DA:179,0
DA:180,0
DA:181,0
DA:188,0
DA:190,0
DA:192,0
DA:193,0
DA:194,0
DA:202,0
DA:204,0
DA:205,0
DA:206,0
DA:208,0
DA:209,0
DA:216,0
DA:218,0
DA:219,0
DA:221,0
DA:222,0
DA:237,0
DA:238,0
DA:239,0
DA:242,0
DA:244,0
DA:245,0
DA:246,0
DA:253,0
DA:260,0
DA:262,0
DA:263,0
DA:264,0
DA:268,0
DA:270,0
DA:271,0
DA:272,0
DA:273,0
DA:274,0
DA:275,0
DA:282,0
DA:284,0
DA:285,0
DA:286,0
DA:287,0
DA:291,0
DA:292,0
DA:293,0
DA:295,0
DA:296,0
DA:299,0
DA:305,0
DA:306,0
DA:307,0
DA:309,0
DA:310,0
DA:311,0
DA:314,0
DA:320,0
DA:321,0
DA:322,0
DA:324,0
DA:325,0
DA:346,0
DA:347,0
DA:348,0
DA:349,0
DA:350,0
DA:353,0
DA:354,0
DA:355,0
DA:361,0
DA:362,0
DA:363,0
DA:365,0
DA:367,0
DA:369,0
DA:375,0
DA:376,0
DA:378,0
DA:381,0
DA:382,0
DA:383,0
DA:390,0
DA:391,0
DA:393,0
DA:395,0
DA:396,0
DA:397,0
DA:398,0
DA:399,0
DA:401,0
DA:402,0
DA:409,0
DA:410,0
DA:411,0
DA:414,0
DA:415,0
DA:417,0
DA:419,0
DA:421,0
DA:423,0
DA:424,0
DA:425,0
DA:432,0
DA:434,0
DA:435,0
DA:436,0
DA:437,0
DA:443,0
DA:444,0
DA:456,0
DA:457,0
DA:458,0
DA:459,0
DA:460,0
DA:462,0
DA:464,0
DA:468,0
DA:469,0
DA:470,0
DA:471,0
DA:472,0
DA:473,0
DA:475,0
DA:476,0
DA:477,0
DA:478,0
DA:482,0
DA:483,0
DA:485,0
DA:488,0
DA:489,0
DA:490,0
DA:492,0
DA:493,0
DA:501,0
DA:503,0
DA:504,0
DA:505,0
DA:506,0
DA:507,0
DA:508,0
LF:218
LH:1
end_of_record
SF:lib\features\Dashboard\presentation\widgets\hotel_search_card.dart
DA:9,0
DA:11,0
DA:14,0
DA:15,0
DA:16,0
DA:17,0
DA:18,0
DA:20,0
DA:22,0
DA:23,0
DA:24,0
DA:25,0
DA:26,0
DA:27,0
DA:32,0
DA:33,0
DA:34,0
DA:40,0
DA:42,0
DA:44,0
DA:45,0
DA:46,0
DA:49,0
DA:50,0
DA:52,0
DA:53,0
DA:57,0
DA:60,0
DA:63,0
DA:64,0
DA:65,0
DA:67,0
DA:68,0
DA:69,0
DA:70,0
DA:72,0
DA:73,0
DA:85,0
DA:87,0
DA:89,0
DA:90,0
DA:96,0
DA:97,0
DA:98,0
DA:99,0
DA:101,0
DA:102,0
DA:103,0
DA:109,0
DA:110,0
DA:111,0
DA:112,0
DA:113,0
DA:116,0
DA:119,0
DA:120,0
DA:121,0
DA:122,0
DA:123,0
DA:124,0
DA:141,0
DA:142,0
DA:143,0
LF:63
LH:0
end_of_record
SF:lib\features\Dashboard\presentation\widgets\hotel_card.dart
DA:9,0
DA:11,0
DA:14,0
DA:15,0
DA:16,0
DA:17,0
DA:18,0
DA:20,0
DA:22,0
DA:23,0
DA:24,0
DA:25,0
DA:26,0
DA:27,0
DA:32,0
DA:33,0
DA:34,0
DA:40,0
DA:42,0
DA:44,0
DA:45,0
DA:46,0
DA:49,0
DA:50,0
DA:52,0
DA:53,0
DA:57,0
DA:60,0
DA:63,0
DA:64,0
DA:65,0
DA:67,0
DA:68,0
DA:69,0
DA:70,0
DA:72,0
DA:73,0
DA:85,0
DA:87,0
DA:89,0
DA:90,0
DA:96,0
DA:97,0
DA:98,0
DA:99,0
DA:101,0
DA:102,0
DA:103,0
DA:109,0
DA:110,0
DA:111,0
DA:112,0
DA:113,0
DA:116,0
DA:119,0
DA:120,0
DA:121,0
DA:122,0
DA:123,0
DA:124,0
DA:141,0
DA:142,0
DA:143,0
LF:63
LH:0
end_of_record
SF:lib\features\google_signIn_signUp\data\datasources\auth_data_source.dart
DA:18,0
DA:21,0
DA:22,0
DA:26,0
DA:28,0
DA:29,0
DA:30,0
DA:32,0
DA:36,0
DA:39,0
DA:40,0
DA:41,0
DA:45,0
DA:48,0
DA:49,0
DA:50,0
DA:51,0
DA:53,0
DA:56,0
LF:19
LH:0
end_of_record
SF:lib\features\google_signIn_signUp\data\models\device_info_model.dart
DA:11,0
DA:23,0
DA:24,0
DA:26,0
DA:27,0
DA:28,0
DA:29,0
DA:30,0
DA:31,0
DA:32,0
DA:33,0
DA:34,0
DA:40,0
DA:41,0
DA:42,0
DA:43,0
DA:44,0
DA:45,0
DA:46,0
DA:47,0
DA:48,0
DA:49,0
LF:22
LH:0
end_of_record
SF:lib\features\google_signIn_signUp\data\models\user_model.dart
DA:4,0
DA:10,0
DA:11,0
DA:12,0
DA:13,0
DA:14,0
DA:18,0
DA:19,0
DA:20,0
DA:21,0
LF:10
LH:0
end_of_record
SF:lib\features\google_signIn_signUp\domain\entities\user_entity.dart
DA:6,0
LF:1
LH:0
end_of_record
SF:lib\features\google_signIn_signUp\data\repositories\auth_repo_impl.dart
DA:9,0
DA:11,0
DA:14,0
DA:16,0
DA:20,0
DA:23,0
DA:25,0
DA:29,0
DA:31,0
LF:9
LH:0
end_of_record
SF:lib\features\google_signIn_signUp\domain\usecases\auth_usecase.dart
DA:7,0
DA:9,0
DA:11,0
DA:12,0
DA:14,0
DA:15,0
LF:6
LH:0
end_of_record
SF:lib\features\google_signIn_signUp\presentation\bloc\auth_event.dart
DA:5,0
DA:7,0
DA:8,0
DA:15,0
DA:17,0
DA:18,0
DA:22,0
DA:24,0
DA:25,0
DA:32,0
LF:10
LH:0
end_of_record
SF:lib\features\google_signIn_signUp\presentation\widgets\signin_button.dart
DA:6,0
DA:11,0
DA:13,0
DA:14,0
DA:15,0
DA:19,0
DA:20,0
DA:25,0
DA:27,0
DA:29,0
DA:39,0
DA:40,0
LF:12
LH:0
end_of_record
